<?xml version="1.0" encoding="UTF-8"?>
<!-- Generated by org.testng.reporters.JUnitXMLReporter -->
<testsuite hostname="DESKTOP-4PTBQ99" ignored="0" name="TestNG" tests="15" failures="0" timestamp="31 Mar 2018 10:13:47 GMT" time="221.383" errors="0">
  <testcase name="TestFindAllElementsPage" time="22.729" classname="BasicSeleniumTest.FindAllElementsPage"/>
  <testcase name="TestTotalFrames" time="0.641" classname="BasicSeleniumTest.TotalFrames"/>
  <testcase name="TestTotalFramesWithNames" time="0.204" classname="BasicSeleniumTest.TotalFrames"/>
  <testcase name="TestTotalTextboxesWebPages" time="0.07" classname="BasicSeleniumTest.TotalTextboxesWebPages"/>
  <testcase name="AllUrlsOfPages" time="0.887" classname="BasicSeleniumTest.VerifyAllObjectsInPage"/>
  <testcase name="TestVerifyAllObjectsInPage" time="1.684" classname="BasicSeleniumTest.VerifyAllObjectsInPage"/>
  <testcase name="VerfyCurrentPageUrl3" time="0.051" classname="BasicSeleniumTest.VerifyCurrentPageUrl"/>
  <testcase name="verifyCurrentPageUrlTest" time="0.026" classname="BasicSeleniumTest.VerifyCurrentPageUrl"/>
  <testcase name="verifyCurrentPageUrlTestwithString" time="0.037" classname="BasicSeleniumTest.VerifyCurrentPageUrl"/>
  <testcase name="TestVerifyImagesOfPages" time="2.683" classname="BasicSeleniumTest.VerifyImgsOfPages"/>
  <testcase name="TestVerifyPageTitle" time="0.065" classname="BasicSeleniumTest.VerifyPageTitle"/>
  <testcase name="TestVerifyPageTitlewithBoolean" time="0.031" classname="BasicSeleniumTest.VerifyPageTitle"/>
  <testcase name="TestVerifyTotalCheckBoxex" time="34.894" classname="BasicSeleniumTest.VerifyTotalCheckBoxex"/>
  <testcase name="TestTotalDropDownlist" time="24.062" classname="BasicSeleniumTest.VerifyTotalDropDown"/>
  <testcase name="TestVerifyTotalRadiobuttons" time="12.897" classname="BasicSeleniumTest.VerifyTotalRadiobuttons"/>
</testsuite> <!-- TestNG -->
